GROUP,PACKAGE,CLASS,INSTRUCTION_MISSED,INSTRUCTION_COVERED,BRANCH_MISSED,BRANCH_COVERED,LINE_MISSED,LINE_COVERED,COMPLEXITY_MISSED,COMPLEXITY_COVERED,METHOD_MISSED,METHOD_COVERED
Sistema de Gestión de Pedidos,dev.jfgonzalez.gestpedidos,Pedido,190,282,20,17,24,49,25,24,13,17
Sistema de Gestión de Pedidos,dev.jfgonzalez.gestpedidos,ProductoDigital,54,70,1,3,8,26,6,9,5,7
Sistema de Gestión de Pedidos,dev.jfgonzalez.gestpedidos,Factura,245,144,4,0,33,33,6,21,4,21
Sistema de Gestión de Pedidos,dev.jfgonzalez.gestpedidos,Cliente,96,43,0,0,16,14,14,5,14,5
Sistema de Gestión de Pedidos,dev.jfgonzalez.gestpedidos,Tienda,2,166,2,18,0,29,2,13,0,5
Sistema de Gestión de Pedidos,dev.jfgonzalez.gestpedidos,Producto,47,38,3,1,6,15,6,6,4,6
Sistema de Gestión de Pedidos,dev.jfgonzalez.gestpedidos,ProductoFisico,52,23,3,0,11,10,6,3,4,3
