-------------------------------------------------------------------------------
Test set: dev.jfgonzalez.gestpedidos.ProductTest
-------------------------------------------------------------------------------
Tests run: 6, Failures: 2, Errors: 0, Skipped: 0, Time elapsed: 0.007 s <<< FAILURE! -- in dev.jfgonzalez.gestpedidos.ProductTest
dev.jfgonzalez.gestpedidos.ProductTest.testPhysicalPriceNotEqualsBase -- Time elapsed: 0.001 s <<< FAILURE!
org.opentest4j.AssertionFailedError: El precio final debe incluir el envío, no ser igual al base ==> expected: not equal but was: <100.0>
	at org.junit.jupiter.api.AssertionFailureBuilder.build(AssertionFailureBuilder.java:159)
	at org.junit.jupiter.api.AssertionFailureBuilder.buildAndThrow(AssertionFailureBuilder.java:139)
	at org.junit.jupiter.api.AssertNotEquals.failEqual(AssertNotEquals.java:282)
	at org.junit.jupiter.api.AssertNotEquals.assertNotEquals(AssertNotEquals.java:197)
	at org.junit.jupiter.api.Assertions.assertNotEquals(Assertions.java:2609)
	at dev.jfgonzalez.gestpedidos.ProductTest.testPhysicalPriceNotEqualsBase(ProductTest.java:59)

dev.jfgonzalez.gestpedidos.ProductTest.testPhysicalProdCalcPrice -- Time elapsed: 0.001 s <<< FAILURE!
org.opentest4j.AssertionFailedError: El precio total debería ser 30.0f (20.0f + 10.0f) ==> expected: <30.0> but was: <20.0>
	at org.junit.jupiter.api.AssertionFailureBuilder.build(AssertionFailureBuilder.java:158)
	at org.junit.jupiter.api.AssertionFailureBuilder.buildAndThrow(AssertionFailureBuilder.java:139)
	at org.junit.jupiter.api.AssertEquals.failNotEqual(AssertEquals.java:201)
	at org.junit.jupiter.api.AssertEquals.assertEquals(AssertEquals.java:72)
	at org.junit.jupiter.api.Assertions.assertEquals(Assertions.java:964)
	at dev.jfgonzalez.gestpedidos.ProductTest.testPhysicalProdCalcPrice(ProductTest.java:33)

