-------------------------------------------------------------------------------
Test set: dev.jfgonzalez.gestpedidos.ProductoTest
-------------------------------------------------------------------------------
Tests run: 5, Failures: 3, Errors: 1, Skipped: 0, Time elapsed: 0.054 s <<< FAILURE! -- in dev.jfgonzalez.gestpedidos.ProductoTest
dev.jfgonzalez.gestpedidos.ProductoTest.testPhysicalPriceNotEqualsBase -- Time elapsed: 0.009 s <<< FAILURE!
org.opentest4j.AssertionFailedError: El precio final debe incluir el envío, no ser igual al base ==> expected: not equal but was: <100.0>
	at org.junit.jupiter.api.AssertionFailureBuilder.build(AssertionFailureBuilder.java:159)
	at org.junit.jupiter.api.AssertionFailureBuilder.buildAndThrow(AssertionFailureBuilder.java:139)
	at org.junit.jupiter.api.AssertNotEquals.failEqual(AssertNotEquals.java:282)
	at org.junit.jupiter.api.AssertNotEquals.assertNotEquals(AssertNotEquals.java:197)
	at org.junit.jupiter.api.Assertions.assertNotEquals(Assertions.java:2609)
	at dev.jfgonzalez.gestpedidos.ProductoTest.testPhysicalPriceNotEqualsBase(ProductoTest.java:58)

dev.jfgonzalez.gestpedidos.ProductoTest.testDigitalPriceNotEqualsBase -- Time elapsed: 0.001 s <<< FAILURE!
org.opentest4j.AssertionFailedError: El precio final con descuento no debe ser igual al precio bruto ==> expected: not equal but was: <50.0>
	at org.junit.jupiter.api.AssertionFailureBuilder.build(AssertionFailureBuilder.java:159)
	at org.junit.jupiter.api.AssertionFailureBuilder.buildAndThrow(AssertionFailureBuilder.java:139)
	at org.junit.jupiter.api.AssertNotEquals.failEqual(AssertNotEquals.java:282)
	at org.junit.jupiter.api.AssertNotEquals.assertNotEquals(AssertNotEquals.java:197)
	at org.junit.jupiter.api.Assertions.assertNotEquals(Assertions.java:2609)
	at dev.jfgonzalez.gestpedidos.ProductoTest.testDigitalPriceNotEqualsBase(ProductoTest.java:50)

dev.jfgonzalez.gestpedidos.ProductoTest.testPhysicalProdCalcPrice -- Time elapsed: 0.002 s <<< FAILURE!
org.opentest4j.AssertionFailedError: El precio total debería ser 30.0f (20.0f + 10.0f) ==> expected: <30.0> but was: <20.0>
	at org.junit.jupiter.api.AssertionFailureBuilder.build(AssertionFailureBuilder.java:158)
	at org.junit.jupiter.api.AssertionFailureBuilder.buildAndThrow(AssertionFailureBuilder.java:139)
	at org.junit.jupiter.api.AssertEquals.failNotEqual(AssertEquals.java:201)
	at org.junit.jupiter.api.AssertEquals.assertEquals(AssertEquals.java:72)
	at org.junit.jupiter.api.Assertions.assertEquals(Assertions.java:964)
	at dev.jfgonzalez.gestpedidos.ProductoTest.testPhysicalProdCalcPrice(ProductoTest.java:32)

dev.jfgonzalez.gestpedidos.ProductoTest.testDigitalProdCalcPrice -- Time elapsed: 0.001 s <<< ERROR!
java.lang.IllegalArgumentException: IVA type not valid. Valid types are GENERAL, REDUCIDO and SUPER.
	at dev.jfgonzalez.gestpedidos.model.ProductoDigital.aplicarIva(ProductoDigital.java:72)
	at dev.jfgonzalez.gestpedidos.ProductoTest.testDigitalProdCalcPrice(ProductoTest.java:18)

