-------------------------------------------------------------------------------
Test set: dev.jfgonzalez.gestpedidos.MasterGroupTest
-------------------------------------------------------------------------------
Tests run: 24, Failures: 7, Errors: 6, Skipped: 0, Time elapsed: 0.146 s <<< FAILURE! -- in dev.jfgonzalez.gestpedidos.MasterGroupTest
dev.jfgonzalez.gestpedidos.MasterGroupTest.testRealizarVentaSoloFisicoSinIvaDigital -- Time elapsed: 0.033 s <<< ERROR!
java.util.IllegalFormatConversionException: f != java.lang.Integer
	at java.base/java.util.Formatter$FormatSpecifier.failConversion(Formatter.java:4662)
	at java.base/java.util.Formatter$FormatSpecifier.printFloat(Formatter.java:3213)
	at java.base/java.util.Formatter$FormatSpecifier.print(Formatter.java:3161)
	at java.base/java.util.Formatter.format(Formatter.java:2761)
	at java.base/java.util.Formatter.format(Formatter.java:2698)
	at java.base/java.lang.String.formatted(String.java:4517)
	at dev.jfgonzalez.gestpedidos.model.Factura.generarFactura(Factura.java:165)
	at dev.jfgonzalez.gestpedidos.service.Tienda.realizarVenta(Tienda.java:27)
	at dev.jfgonzalez.gestpedidos.MasterGroupTest.testRealizarVentaSoloFisicoSinIvaDigital(MasterGroupTest.java:112)

dev.jfgonzalez.gestpedidos.MasterGroupTest.testCalcularIvaConTiposAlternativos(String, double)[1] -- Time elapsed: 0.004 s <<< FAILURE!
org.opentest4j.AssertionFailedError: El IVA calculado deberia coincidir con el tipo de IVA solicitado para los productos digitales ==> expected: <5.0> but was: <0.0>
	at org.junit.jupiter.api.AssertionFailureBuilder.build(AssertionFailureBuilder.java:158)
	at org.junit.jupiter.api.AssertionFailureBuilder.buildAndThrow(AssertionFailureBuilder.java:139)
	at org.junit.jupiter.api.AssertEquals.failNotEqual(AssertEquals.java:201)
	at org.junit.jupiter.api.AssertEquals.assertEquals(AssertEquals.java:72)
	at org.junit.jupiter.api.Assertions.assertEquals(Assertions.java:964)
	at dev.jfgonzalez.gestpedidos.MasterGroupTest.testCalcularIvaConTiposAlternativos(MasterGroupTest.java:291)

dev.jfgonzalez.gestpedidos.MasterGroupTest.testCalcularIvaConTiposAlternativos(String, double)[2] -- Time elapsed: 0.001 s <<< FAILURE!
org.opentest4j.AssertionFailedError: El IVA calculado deberia coincidir con el tipo de IVA solicitado para los productos digitales ==> expected: <2.0> but was: <0.0>
	at org.junit.jupiter.api.AssertionFailureBuilder.build(AssertionFailureBuilder.java:158)
	at org.junit.jupiter.api.AssertionFailureBuilder.buildAndThrow(AssertionFailureBuilder.java:139)
	at org.junit.jupiter.api.AssertEquals.failNotEqual(AssertEquals.java:201)
	at org.junit.jupiter.api.AssertEquals.assertEquals(AssertEquals.java:72)
	at org.junit.jupiter.api.Assertions.assertEquals(Assertions.java:964)
	at dev.jfgonzalez.gestpedidos.MasterGroupTest.testCalcularIvaConTiposAlternativos(MasterGroupTest.java:291)

dev.jfgonzalez.gestpedidos.MasterGroupTest.testPedidoCreadoConColeccionesDebeFallarSiFaltaCantidad -- Time elapsed: 0.001 s <<< FAILURE!
org.opentest4j.AssertionFailedError: La creacion del pedido deberia fallar si falta la cantidad de alguno de los productos ==> Expected java.lang.IllegalArgumentException to be thrown, but nothing was thrown.
	at org.junit.jupiter.api.AssertionFailureBuilder.build(AssertionFailureBuilder.java:159)
	at org.junit.jupiter.api.AssertThrows.assertThrows(AssertThrows.java:74)
	at org.junit.jupiter.api.AssertThrows.assertThrows(AssertThrows.java:40)
	at org.junit.jupiter.api.Assertions.assertThrows(Assertions.java:3249)
	at dev.jfgonzalez.gestpedidos.MasterGroupTest.testPedidoCreadoConColeccionesDebeFallarSiFaltaCantidad(MasterGroupTest.java:208)

dev.jfgonzalez.gestpedidos.MasterGroupTest.testRealizarVentaSoloProductosGenericosEnPortugalSinEnvio -- Time elapsed: 0 s <<< ERROR!
java.util.IllegalFormatConversionException: f != java.lang.Integer
	at java.base/java.util.Formatter$FormatSpecifier.failConversion(Formatter.java:4662)
	at java.base/java.util.Formatter$FormatSpecifier.printFloat(Formatter.java:3213)
	at java.base/java.util.Formatter$FormatSpecifier.print(Formatter.java:3161)
	at java.base/java.util.Formatter.format(Formatter.java:2761)
	at java.base/java.util.Formatter.format(Formatter.java:2698)
	at java.base/java.lang.String.formatted(String.java:4517)
	at dev.jfgonzalez.gestpedidos.model.Factura.generarFactura(Factura.java:165)
	at dev.jfgonzalez.gestpedidos.service.Tienda.realizarVenta(Tienda.java:27)
	at dev.jfgonzalez.gestpedidos.MasterGroupTest.testRealizarVentaSoloProductosGenericosEnPortugalSinEnvio(MasterGroupTest.java:150)

dev.jfgonzalez.gestpedidos.MasterGroupTest.testRealizarVentaSoloProductosGenericosSinEnvioNiIva -- Time elapsed: 0.001 s <<< ERROR!
java.util.IllegalFormatConversionException: f != java.lang.Integer
	at java.base/java.util.Formatter$FormatSpecifier.failConversion(Formatter.java:4662)
	at java.base/java.util.Formatter$FormatSpecifier.printFloat(Formatter.java:3213)
	at java.base/java.util.Formatter$FormatSpecifier.print(Formatter.java:3161)
	at java.base/java.util.Formatter.format(Formatter.java:2761)
	at java.base/java.util.Formatter.format(Formatter.java:2698)
	at java.base/java.lang.String.formatted(String.java:4517)
	at dev.jfgonzalez.gestpedidos.model.Factura.generarFactura(Factura.java:165)
	at dev.jfgonzalez.gestpedidos.service.Tienda.realizarVenta(Tienda.java:27)
	at dev.jfgonzalez.gestpedidos.MasterGroupTest.testRealizarVentaSoloProductosGenericosSinEnvioNiIva(MasterGroupTest.java:130)

dev.jfgonzalez.gestpedidos.MasterGroupTest.testPedidoCreadoConColeccionesDebeCalcularTotal -- Time elapsed: 0 s <<< FAILURE!
org.opentest4j.AssertionFailedError: El total del pedido creado con colecciones deberia sumar correctamente todos los importes ==> expected: <50.0> but was: <56.3>
	at org.junit.jupiter.api.AssertionFailureBuilder.build(AssertionFailureBuilder.java:158)
	at org.junit.jupiter.api.AssertionFailureBuilder.buildAndThrow(AssertionFailureBuilder.java:139)
	at org.junit.jupiter.api.AssertEquals.failNotEqual(AssertEquals.java:201)
	at org.junit.jupiter.api.AssertEquals.assertEquals(AssertEquals.java:72)
	at org.junit.jupiter.api.Assertions.assertEquals(Assertions.java:964)
	at dev.jfgonzalez.gestpedidos.MasterGroupTest.testPedidoCreadoConColeccionesDebeCalcularTotal(MasterGroupTest.java:194)

dev.jfgonzalez.gestpedidos.MasterGroupTest.testRealizarVentaGeneraCodigosDistintos -- Time elapsed: 0.001 s <<< ERROR!
java.util.IllegalFormatConversionException: f != java.lang.Integer
	at java.base/java.util.Formatter$FormatSpecifier.failConversion(Formatter.java:4662)
	at java.base/java.util.Formatter$FormatSpecifier.printFloat(Formatter.java:3213)
	at java.base/java.util.Formatter$FormatSpecifier.print(Formatter.java:3161)
	at java.base/java.util.Formatter.format(Formatter.java:2761)
	at java.base/java.util.Formatter.format(Formatter.java:2698)
	at java.base/java.lang.String.formatted(String.java:4517)
	at dev.jfgonzalez.gestpedidos.model.Factura.generarFactura(Factura.java:165)
	at dev.jfgonzalez.gestpedidos.service.Tienda.realizarVenta(Tienda.java:27)
	at dev.jfgonzalez.gestpedidos.MasterGroupTest.testRealizarVentaGeneraCodigosDistintos(MasterGroupTest.java:321)

dev.jfgonzalez.gestpedidos.MasterGroupTest.testRealizarVentaMantieneLaIdentidadAritmetica -- Time elapsed: 0.001 s <<< ERROR!
java.util.IllegalFormatConversionException: f != java.lang.Integer
	at java.base/java.util.Formatter$FormatSpecifier.failConversion(Formatter.java:4662)
	at java.base/java.util.Formatter$FormatSpecifier.printFloat(Formatter.java:3213)
	at java.base/java.util.Formatter$FormatSpecifier.print(Formatter.java:3161)
	at java.base/java.util.Formatter.format(Formatter.java:2761)
	at java.base/java.util.Formatter.format(Formatter.java:2698)
	at java.base/java.lang.String.formatted(String.java:4517)
	at dev.jfgonzalez.gestpedidos.model.Factura.generarFactura(Factura.java:165)
	at dev.jfgonzalez.gestpedidos.service.Tienda.realizarVenta(Tienda.java:27)
	at dev.jfgonzalez.gestpedidos.MasterGroupTest.testRealizarVentaMantieneLaIdentidadAritmetica(MasterGroupTest.java:304)

dev.jfgonzalez.gestpedidos.MasterGroupTest.testFacturaToStringIncluyeContenidoEsperado -- Time elapsed: 0.001 s <<< FAILURE!
org.opentest4j.AssertionFailedError: El texto de la factura deberia incluir el codigo de factura ==> expected: <true> but was: <false>
	at org.junit.jupiter.api.AssertionFailureBuilder.build(AssertionFailureBuilder.java:158)
	at org.junit.jupiter.api.AssertionFailureBuilder.buildAndThrow(AssertionFailureBuilder.java:139)
	at org.junit.jupiter.api.AssertTrue.failNotTrue(AssertTrue.java:69)
	at org.junit.jupiter.api.AssertTrue.assertTrue(AssertTrue.java:41)
	at org.junit.jupiter.api.Assertions.assertTrue(Assertions.java:228)
	at dev.jfgonzalez.gestpedidos.MasterGroupTest.testFacturaToStringIncluyeContenidoEsperado(MasterGroupTest.java:392)

dev.jfgonzalez.gestpedidos.MasterGroupTest.testCalcularEnvioSinProductosFisicos -- Time elapsed: 0.001 s <<< FAILURE!
org.opentest4j.AssertionFailedError: Un pedido sin productos fisicos esta aplicando solo la tarifa base del pais ==> expected: <5.0> but was: <0.0>
	at org.junit.jupiter.api.AssertionFailureBuilder.build(AssertionFailureBuilder.java:158)
	at org.junit.jupiter.api.AssertionFailureBuilder.buildAndThrow(AssertionFailureBuilder.java:139)
	at org.junit.jupiter.api.AssertEquals.failNotEqual(AssertEquals.java:201)
	at org.junit.jupiter.api.AssertEquals.assertEquals(AssertEquals.java:72)
	at org.junit.jupiter.api.Assertions.assertEquals(Assertions.java:964)
	at dev.jfgonzalez.gestpedidos.MasterGroupTest.testCalcularEnvioSinProductosFisicos(MasterGroupTest.java:63)

dev.jfgonzalez.gestpedidos.MasterGroupTest.testRealizarVentaConPedidoVacioFalla -- Time elapsed: 0.079 s <<< FAILURE!
org.opentest4j.AssertionFailedError: Una venta con un pedido vacio deberia lanzar IllegalArgumentException ==> Expected java.lang.IllegalArgumentException to be thrown, but nothing was thrown.
	at org.junit.jupiter.api.AssertionFailureBuilder.build(AssertionFailureBuilder.java:159)
	at org.junit.jupiter.api.AssertThrows.assertThrows(AssertThrows.java:74)
	at org.junit.jupiter.api.AssertThrows.assertThrows(AssertThrows.java:40)
	at org.junit.jupiter.api.Assertions.assertThrows(Assertions.java:3249)
	at dev.jfgonzalez.gestpedidos.MasterGroupTest.testRealizarVentaConPedidoVacioFalla(MasterGroupTest.java:47)

dev.jfgonzalez.gestpedidos.MasterGroupTest.testRealizarVentaGeneraMetadatosFactura -- Time elapsed: 0.001 s <<< ERROR!
java.util.IllegalFormatConversionException: f != java.lang.Integer
	at java.base/java.util.Formatter$FormatSpecifier.failConversion(Formatter.java:4662)
	at java.base/java.util.Formatter$FormatSpecifier.printFloat(Formatter.java:3213)
	at java.base/java.util.Formatter$FormatSpecifier.print(Formatter.java:3161)
	at java.base/java.util.Formatter.format(Formatter.java:2761)
	at java.base/java.util.Formatter.format(Formatter.java:2698)
	at java.base/java.lang.String.formatted(String.java:4517)
	at dev.jfgonzalez.gestpedidos.model.Factura.generarFactura(Factura.java:165)
	at dev.jfgonzalez.gestpedidos.service.Tienda.realizarVenta(Tienda.java:27)
	at dev.jfgonzalez.gestpedidos.MasterGroupTest.testRealizarVentaGeneraMetadatosFactura(MasterGroupTest.java:31)

