<?xml version="1.0" encoding="UTF-8"?>
<testsuite xmlns:xsi="http://www.w3.org/2001/XMLSchema-instance" xsi:noNamespaceSchemaLocation="https://maven.apache.org/surefire/maven-surefire-plugin/xsd/surefire-test-report-3.0.xsd" version="3.0" name="dev.jfgonzalez.gestpedidos.ProductoTest" time="0.054" tests="5" errors="1" skipped="0" failures="3">
  <properties>
[...]
</properties>
  <testcase name="testNegativePriceThrowsException" classname="dev.jfgonzalez.gestpedidos.ProductoTest" time="0.019"/>
  <testcase name="testPhysicalPriceNotEqualsBase" classname="dev.jfgonzalez.gestpedidos.ProductoTest" time="0.009">
    <failure message="El precio final debe incluir el envío, no ser igual al base ==&gt; expected: not equal but was: &lt;100.0&gt;" type="org.opentest4j.AssertionFailedError"><![CDATA[org.opentest4j.AssertionFailedError: El precio final debe incluir el envío, no ser igual al base ==> expected: not equal but was: <100.0>
	at org.junit.jupiter.api.AssertionFailureBuilder.build(AssertionFailureBuilder.java:159)
	at org.junit.jupiter.api.AssertionFailureBuilder.buildAndThrow(AssertionFailureBuilder.java:139)
	at org.junit.jupiter.api.AssertNotEquals.failEqual(AssertNotEquals.java:282)
	at org.junit.jupiter.api.AssertNotEquals.assertNotEquals(AssertNotEquals.java:197)
	at org.junit.jupiter.api.Assertions.assertNotEquals(Assertions.java:2609)
	at dev.jfgonzalez.gestpedidos.ProductoTest.testPhysicalPriceNotEqualsBase(ProductoTest.java:58)
]]></failure>
  </testcase>
  <testcase name="testDigitalPriceNotEqualsBase" classname="dev.jfgonzalez.gestpedidos.ProductoTest" time="0.001">
    <failure message="El precio final con descuento no debe ser igual al precio bruto ==&gt; expected: not equal but was: &lt;50.0&gt;" type="org.opentest4j.AssertionFailedError"><![CDATA[org.opentest4j.AssertionFailedError: El precio final con descuento no debe ser igual al precio bruto ==> expected: not equal but was: <50.0>
	at org.junit.jupiter.api.AssertionFailureBuilder.build(AssertionFailureBuilder.java:159)
	at org.junit.jupiter.api.AssertionFailureBuilder.buildAndThrow(AssertionFailureBuilder.java:139)
	at org.junit.jupiter.api.AssertNotEquals.failEqual(AssertNotEquals.java:282)
	at org.junit.jupiter.api.AssertNotEquals.assertNotEquals(AssertNotEquals.java:197)
	at org.junit.jupiter.api.Assertions.assertNotEquals(Assertions.java:2609)
	at dev.jfgonzalez.gestpedidos.ProductoTest.testDigitalPriceNotEqualsBase(ProductoTest.java:50)
]]></failure>
  </testcase>
  <testcase name="testPhysicalProdCalcPrice" classname="dev.jfgonzalez.gestpedidos.ProductoTest" time="0.002">
    <failure message="El precio total debería ser 30.0f (20.0f + 10.0f) ==&gt; expected: &lt;30.0&gt; but was: &lt;20.0&gt;" type="org.opentest4j.AssertionFailedError"><![CDATA[org.opentest4j.AssertionFailedError: El precio total debería ser 30.0f (20.0f + 10.0f) ==> expected: <30.0> but was: <20.0>
	at org.junit.jupiter.api.AssertionFailureBuilder.build(AssertionFailureBuilder.java:158)
	at org.junit.jupiter.api.AssertionFailureBuilder.buildAndThrow(AssertionFailureBuilder.java:139)
	at org.junit.jupiter.api.AssertEquals.failNotEqual(AssertEquals.java:201)
	at org.junit.jupiter.api.AssertEquals.assertEquals(AssertEquals.java:72)
	at org.junit.jupiter.api.Assertions.assertEquals(Assertions.java:964)
	at dev.jfgonzalez.gestpedidos.ProductoTest.testPhysicalProdCalcPrice(ProductoTest.java:32)
]]></failure>
  </testcase>
  <testcase name="testDigitalProdCalcPrice" classname="dev.jfgonzalez.gestpedidos.ProductoTest" time="0.001">
    <error message="IVA type not valid. Valid types are GENERAL, REDUCIDO and SUPER." type="java.lang.IllegalArgumentException"><![CDATA[java.lang.IllegalArgumentException: IVA type not valid. Valid types are GENERAL, REDUCIDO and SUPER.
	at dev.jfgonzalez.gestpedidos.model.ProductoDigital.aplicarIva(ProductoDigital.java:72)
	at dev.jfgonzalez.gestpedidos.ProductoTest.testDigitalProdCalcPrice(ProductoTest.java:18)
]]></error>
  </testcase>
</testsuite>