<?xml version="1.0" encoding="UTF-8"?>
<testsuite xmlns:xsi="http://www.w3.org/2001/XMLSchema-instance" xsi:noNamespaceSchemaLocation="https://maven.apache.org/surefire/maven-surefire-plugin/xsd/surefire-test-report-3.0.xsd" version="3.0" name="dev.jfgonzalez.gestpedidos.ProductoTest" time="0.011" tests="5" errors="0" skipped="5" failures="0">
  <properties/>
  <testcase name="testNegativePriceThrowsException" classname="dev.jfgonzalez.gestpedidos.ProductoTest" time="0.0">
    <skipped message="Tests desactualizados"/>
  </testcase>
  <testcase name="testPhysicalPriceNotEqualsBase" classname="dev.jfgonzalez.gestpedidos.ProductoTest" time="0.0">
    <skipped message="Tests desactualizados"/>
  </testcase>
  <testcase name="testDigitalPriceNotEqualsBase" classname="dev.jfgonzalez.gestpedidos.ProductoTest" time="0.0">
    <skipped message="Tests desactualizados"/>
  </testcase>
  <testcase name="testPhysicalProdCalcPrice" classname="dev.jfgonzalez.gestpedidos.ProductoTest" time="0.0">
    <skipped message="Tests desactualizados"/>
  </testcase>
  <testcase name="testDigitalProdCalcPrice" classname="dev.jfgonzalez.gestpedidos.ProductoTest" time="0.0">
    <skipped message="Tests desactualizados"/>
  </testcase>
</testsuite>