<?xml version="1.0" encoding="UTF-8"?>
<testsuite xmlns:xsi="http://www.w3.org/2001/XMLSchema-instance" xsi:noNamespaceSchemaLocation="https://maven.apache.org/surefire/maven-surefire-plugin/xsd/surefire-test-report-3.0.xsd" version="3.0" name="endes.gestpedidos.ProductTest" time="0.006" tests="6" errors="0" skipped="0" failures="0">
  <properties>
[...]
</properties>
  <testcase name="testNegativePriceThrowsException" classname="endes.gestpedidos.ProductTest" time="0.0"/>
  <testcase name="testPhysicalPriceNotEqualsBase" classname="endes.gestpedidos.ProductTest" time="0.0"/>
  <testcase name="testDigitalPriceNotEqualsBase" classname="endes.gestpedidos.ProductTest" time="0.0"/>
  <testcase name="testProductCoverage" classname="endes.gestpedidos.ProductTest" time="0.002"/>
  <testcase name="testPhysicalProdCalcPrice" classname="endes.gestpedidos.ProductTest" time="0.0"/>
  <testcase name="testDigitalProdCalcPrice" classname="endes.gestpedidos.ProductTest" time="0.0"/>
</testsuite>