<?xml version="1.0" encoding="UTF-8"?>
<testsuite xmlns:xsi="http://www.w3.org/2001/XMLSchema-instance" xsi:noNamespaceSchemaLocation="https://maven.apache.org/surefire/maven-surefire-plugin/xsd/surefire-test-report-3.0.xsd" version="3.0" name="dev.jfgonzalez.gestpedidos.MasterGroupTest" time="0.037" tests="24" errors="4" skipped="0" failures="7">
  <properties>
[...]
</properties>
  <testcase name="testPedidoNoDebeCompartirListaExterna" classname="dev.jfgonzalez.gestpedidos.MasterGroupTest" time="0.0">
    <error type="java.lang.IllegalArgumentException"><![CDATA[java.lang.IllegalArgumentException
	at dev.jfgonzalez.gestpedidos.model.Pedido.<init>(Pedido.java:47)
	at dev.jfgonzalez.gestpedidos.model.Pedido.<init>(Pedido.java:61)
	at dev.jfgonzalez.gestpedidos.MasterGroupTest.testPedidoNoDebeCompartirListaExterna(MasterGroupTest.java:226)
]]></error>
  </testcase>
  <testcase name="testCalcularEnvioSoloDigitalDebeSerCero" classname="dev.jfgonzalez.gestpedidos.MasterGroupTest" time="0.0"/>
  <testcase name="testRealizarVentaSoloFisicoSinIvaDigital" classname="dev.jfgonzalez.gestpedidos.MasterGroupTest" time="0.009">
    <failure message="La venta solo con productos fisicos deberia sumar correctamente el total neto ==&gt; expected: &lt;100.0&gt; but was: &lt;0.0&gt;" type="org.opentest4j.AssertionFailedError"><![CDATA[org.opentest4j.AssertionFailedError: La venta solo con productos fisicos deberia sumar correctamente el total neto ==> expected: <100.0> but was: <0.0>
	at org.junit.jupiter.api.AssertionFailureBuilder.build(AssertionFailureBuilder.java:158)
	at org.junit.jupiter.api.AssertionFailureBuilder.buildAndThrow(AssertionFailureBuilder.java:139)
	at org.junit.jupiter.api.AssertEquals.failNotEqual(AssertEquals.java:201)
	at org.junit.jupiter.api.AssertEquals.assertEquals(AssertEquals.java:72)
	at org.junit.jupiter.api.Assertions.assertEquals(Assertions.java:964)
	at dev.jfgonzalez.gestpedidos.MasterGroupTest.testRealizarVentaSoloFisicoSinIvaDigital(MasterGroupTest.java:114)
]]></failure>
  </testcase>
  <testcase name="testGettersDePedidoNoDeberianPermitirMutacionExterna" classname="dev.jfgonzalez.gestpedidos.MasterGroupTest" time="0.001"/>
  <testcase name="testCalcularIvaConTiposAlternativos(String, double)[1]" classname="dev.jfgonzalez.gestpedidos.MasterGroupTest" time="0.004"/>
  <testcase name="testCalcularIvaConTiposAlternativos(String, double)[2]" classname="dev.jfgonzalez.gestpedidos.MasterGroupTest" time="0.001"/>
  <testcase name="testPedidoNoDebeCompartirMapaExterno" classname="dev.jfgonzalez.gestpedidos.MasterGroupTest" time="0.001">
    <error type="java.lang.IllegalArgumentException"><![CDATA[java.lang.IllegalArgumentException
	at dev.jfgonzalez.gestpedidos.model.Pedido.<init>(Pedido.java:47)
	at dev.jfgonzalez.gestpedidos.model.Pedido.<init>(Pedido.java:61)
	at dev.jfgonzalez.gestpedidos.MasterGroupTest.testPedidoNoDebeCompartirMapaExterno(MasterGroupTest.java:244)
]]></error>
  </testcase>
  <testcase name="testPedidoDebePermitirCreacionConColeccionesIniciales" classname="dev.jfgonzalez.gestpedidos.MasterGroupTest" time="0.001">
    <error type="java.lang.IllegalArgumentException"><![CDATA[java.lang.IllegalArgumentException
	at dev.jfgonzalez.gestpedidos.model.Pedido.<init>(Pedido.java:47)
	at dev.jfgonzalez.gestpedidos.model.Pedido.<init>(Pedido.java:61)
	at dev.jfgonzalez.gestpedidos.MasterGroupTest.testPedidoDebePermitirCreacionConColeccionesIniciales(MasterGroupTest.java:167)
]]></error>
  </testcase>
  <testcase name="testFacturaSettersYGetters" classname="dev.jfgonzalez.gestpedidos.MasterGroupTest" time="0.001"/>
  <testcase name="testPedidoCreadoConColeccionesDebeFallarSiFaltaCantidad" classname="dev.jfgonzalez.gestpedidos.MasterGroupTest" time="0.001"/>
  <testcase name="testRealizarVentaSoloProductosGenericosEnPortugalSinEnvio" classname="dev.jfgonzalez.gestpedidos.MasterGroupTest" time="0.0"/>
  <testcase name="testRealizarVentaSoloProductosGenericosSinEnvioNiIva" classname="dev.jfgonzalez.gestpedidos.MasterGroupTest" time="0.001">
    <failure message="La venta con productos genericos deberia sumar correctamente el total neto ==&gt; expected: &lt;36.0&gt; but was: &lt;0.0&gt;" type="org.opentest4j.AssertionFailedError"><![CDATA[org.opentest4j.AssertionFailedError: La venta con productos genericos deberia sumar correctamente el total neto ==> expected: <36.0> but was: <0.0>
	at org.junit.jupiter.api.AssertionFailureBuilder.build(AssertionFailureBuilder.java:158)
	at org.junit.jupiter.api.AssertionFailureBuilder.buildAndThrow(AssertionFailureBuilder.java:139)
	at org.junit.jupiter.api.AssertEquals.failNotEqual(AssertEquals.java:201)
	at org.junit.jupiter.api.AssertEquals.assertEquals(AssertEquals.java:72)
	at org.junit.jupiter.api.Assertions.assertEquals(Assertions.java:964)
	at dev.jfgonzalez.gestpedidos.MasterGroupTest.testRealizarVentaSoloProductosGenericosSinEnvioNiIva(MasterGroupTest.java:132)
]]></failure>
  </testcase>
  <testcase name="testRealizarVentaConPaisVacioFalla" classname="dev.jfgonzalez.gestpedidos.MasterGroupTest" time="0.001">
    <failure message="La venta deberia fallar si el pais del cliente esta vacio o en blanco ==&gt; Expected java.lang.IllegalArgumentException to be thrown, but nothing was thrown." type="org.opentest4j.AssertionFailedError"><![CDATA[org.opentest4j.AssertionFailedError: La venta deberia fallar si el pais del cliente esta vacio o en blanco ==> Expected java.lang.IllegalArgumentException to be thrown, but nothing was thrown.
	at org.junit.jupiter.api.AssertionFailureBuilder.build(AssertionFailureBuilder.java:159)
	at org.junit.jupiter.api.AssertThrows.assertThrows(AssertThrows.java:74)
	at org.junit.jupiter.api.AssertThrows.assertThrows(AssertThrows.java:40)
	at org.junit.jupiter.api.Assertions.assertThrows(Assertions.java:3249)
	at dev.jfgonzalez.gestpedidos.MasterGroupTest.testRealizarVentaConPaisVacioFalla(MasterGroupTest.java:99)
]]></failure>
  </testcase>
  <testcase name="testPedidoCreadoConColeccionesDebeCalcularTotal" classname="dev.jfgonzalez.gestpedidos.MasterGroupTest" time="0.0">
    <error type="java.lang.IllegalArgumentException"><![CDATA[java.lang.IllegalArgumentException
	at dev.jfgonzalez.gestpedidos.model.Pedido.<init>(Pedido.java:47)
	at dev.jfgonzalez.gestpedidos.model.Pedido.<init>(Pedido.java:61)
	at dev.jfgonzalez.gestpedidos.MasterGroupTest.testPedidoCreadoConColeccionesDebeCalcularTotal(MasterGroupTest.java:192)
]]></error>
  </testcase>
  <testcase name="testRealizarVentaGeneraCodigosDistintos" classname="dev.jfgonzalez.gestpedidos.MasterGroupTest" time="0.0"/>
  <testcase name="testFacturaConstructorConTodosLosCampos" classname="dev.jfgonzalez.gestpedidos.MasterGroupTest" time="0.001"/>
  <testcase name="testRealizarVentaMantieneLaIdentidadAritmetica" classname="dev.jfgonzalez.gestpedidos.MasterGroupTest" time="0.0"/>
  <testcase name="testRealizarVentaConPaisNuloFalla" classname="dev.jfgonzalez.gestpedidos.MasterGroupTest" time="0.001">
    <failure message="La venta deberia fallar si el pais del cliente es nulo ==&gt; Expected java.lang.IllegalArgumentException to be thrown, but nothing was thrown." type="org.opentest4j.AssertionFailedError"><![CDATA[org.opentest4j.AssertionFailedError: La venta deberia fallar si el pais del cliente es nulo ==> Expected java.lang.IllegalArgumentException to be thrown, but nothing was thrown.
	at org.junit.jupiter.api.AssertionFailureBuilder.build(AssertionFailureBuilder.java:159)
	at org.junit.jupiter.api.AssertThrows.assertThrows(AssertThrows.java:74)
	at org.junit.jupiter.api.AssertThrows.assertThrows(AssertThrows.java:40)
	at org.junit.jupiter.api.Assertions.assertThrows(Assertions.java:3249)
	at dev.jfgonzalez.gestpedidos.MasterGroupTest.testRealizarVentaConPaisNuloFalla(MasterGroupTest.java:86)
]]></failure>
  </testcase>
  <testcase name="testFacturaToStringIncluyeContenidoEsperado" classname="dev.jfgonzalez.gestpedidos.MasterGroupTest" time="0.0">
    <failure message="El texto de la factura deberia incluir el codigo de factura ==&gt; expected: &lt;true&gt; but was: &lt;false&gt;" type="org.opentest4j.AssertionFailedError"><![CDATA[org.opentest4j.AssertionFailedError: El texto de la factura deberia incluir el codigo de factura ==> expected: <true> but was: <false>
	at org.junit.jupiter.api.AssertionFailureBuilder.build(AssertionFailureBuilder.java:158)
	at org.junit.jupiter.api.AssertionFailureBuilder.buildAndThrow(AssertionFailureBuilder.java:139)
	at org.junit.jupiter.api.AssertTrue.failNotTrue(AssertTrue.java:69)
	at org.junit.jupiter.api.AssertTrue.assertTrue(AssertTrue.java:41)
	at org.junit.jupiter.api.Assertions.assertTrue(Assertions.java:228)
	at dev.jfgonzalez.gestpedidos.MasterGroupTest.testFacturaToStringIncluyeContenidoEsperado(MasterGroupTest.java:392)
]]></failure>
  </testcase>
  <testcase name="testCalcularEnvioSinProductosFisicos" classname="dev.jfgonzalez.gestpedidos.MasterGroupTest" time="0.0">
    <failure message="Un pedido sin productos fisicos esta aplicando solo la tarifa base del pais ==&gt; expected: &lt;5.0&gt; but was: &lt;0.0&gt;" type="org.opentest4j.AssertionFailedError"><![CDATA[org.opentest4j.AssertionFailedError: Un pedido sin productos fisicos esta aplicando solo la tarifa base del pais ==> expected: <5.0> but was: <0.0>
	at org.junit.jupiter.api.AssertionFailureBuilder.build(AssertionFailureBuilder.java:158)
	at org.junit.jupiter.api.AssertionFailureBuilder.buildAndThrow(AssertionFailureBuilder.java:139)
	at org.junit.jupiter.api.AssertEquals.failNotEqual(AssertEquals.java:201)
	at org.junit.jupiter.api.AssertEquals.assertEquals(AssertEquals.java:72)
	at org.junit.jupiter.api.Assertions.assertEquals(Assertions.java:964)
	at dev.jfgonzalez.gestpedidos.MasterGroupTest.testCalcularEnvioSinProductosFisicos(MasterGroupTest.java:63)
]]></failure>
  </testcase>
  <testcase name="testRealizarVentaConPedidoVacioFalla" classname="dev.jfgonzalez.gestpedidos.MasterGroupTest" time="0.001">
    <failure message="Una venta con un pedido vacio deberia lanzar IllegalArgumentException ==&gt; Expected java.lang.IllegalArgumentException to be thrown, but nothing was thrown." type="org.opentest4j.AssertionFailedError"><![CDATA[org.opentest4j.AssertionFailedError: Una venta con un pedido vacio deberia lanzar IllegalArgumentException ==> Expected java.lang.IllegalArgumentException to be thrown, but nothing was thrown.
	at org.junit.jupiter.api.AssertionFailureBuilder.build(AssertionFailureBuilder.java:159)
	at org.junit.jupiter.api.AssertThrows.assertThrows(AssertThrows.java:74)
	at org.junit.jupiter.api.AssertThrows.assertThrows(AssertThrows.java:40)
	at org.junit.jupiter.api.Assertions.assertThrows(Assertions.java:3249)
	at dev.jfgonzalez.gestpedidos.MasterGroupTest.testRealizarVentaConPedidoVacioFalla(MasterGroupTest.java:47)
]]></failure>
  </testcase>
  <testcase name="testRealizarVentaGeneraMetadatosFactura" classname="dev.jfgonzalez.gestpedidos.MasterGroupTest" time="0.001"/>
  <testcase name="testRealizarVentaConClienteDistintoAlPedidoFalla" classname="dev.jfgonzalez.gestpedidos.MasterGroupTest" time="0.001"/>
  <testcase name="testCambiarIdDeProductoNoDeberiaRomperPedido" classname="dev.jfgonzalez.gestpedidos.MasterGroupTest" time="0.0"/>
</testsuite>