<?xml version="1.0" encoding="UTF-8"?>
<testsuite xmlns:xsi="http://www.w3.org/2001/XMLSchema-instance" xsi:noNamespaceSchemaLocation="https://maven.apache.org/surefire/maven-surefire-plugin/xsd/surefire-test-report-3.0.xsd" version="3.0" name="dev.jfgonzalez.gestpedidos.PedidoTest" time="0.002" tests="3" errors="0" skipped="3" failures="0">
  <properties/>
  <testcase name="testCalcTotalIncorrectValues(float)" classname="dev.jfgonzalez.gestpedidos.PedidoTest" time="0.0">
    <skipped message="Tests desactualizados"/>
  </testcase>
  <testcase name="testCalcTotalParameterized(float, float, float)" classname="dev.jfgonzalez.gestpedidos.PedidoTest" time="0.0">
    <skipped message="Tests desactualizados"/>
  </testcase>
  <testcase name="testEmptyOrderThrowsException" classname="dev.jfgonzalez.gestpedidos.PedidoTest" time="0.0">
    <skipped message="Tests desactualizados"/>
  </testcase>
</testsuite>